d:\workspace\00_repos\storemanager\x64\debug\vc143.pdb
d:\workspace\00_repos\storemanager\x64\debug\vc143.idb
d:\workspace\00_repos\storemanager\x64\debug\main.obj
d:\workspace\00_repos\storemanager\x64\debug\core.obj
d:\workspace\00_repos\storemanager\x64\debug\storemanager.pdb
d:\workspace\00_repos\storemanager\x64\debug\storemanager.tlog\cl.read.1.tlog
d:\workspace\00_repos\storemanager\x64\debug\storemanager.tlog\cl.write.1.tlog
d:\workspace\00_repos\storemanager\x64\debug\storemanager.tlog\cl.command.1.tlog
d:\workspace\00_repos\storemanager\x64\debug\storemanager.tlog\link.read.3.tlog
d:\workspace\00_repos\storemanager\x64\debug\storemanager.tlog\link.write.1.tlog
d:\workspace\00_repos\storemanager\x64\debug\storemanager.tlog\link.command.1.tlog
d:\workspace\00_repos\storemanager\x64\debug\storemanager.tlog\link.16440-rc.read.1.tlog
d:\workspace\00_repos\storemanager\x64\debug\storemanager.tlog\link.16440-rc.write.1.tlog
d:\workspace\00_repos\storemanager\x64\debug\storemanager.tlog\link.16440-cvtres.read.1.tlog
d:\workspace\00_repos\storemanager\x64\debug\storemanager.tlog\link.16440-cvtres.write.1.tlog
d:\workspace\00_repos\storemanager\x64\debug\storemanager.tlog\link.16440.read.2.tlog
d:\workspace\00_repos\storemanager\x64\debug\storemanager.tlog\link.16440.read.1.tlog
d:\workspace\00_repos\storemanager\x64\debug\storemanager.tlog\link.16440.write.1.tlog
d:\workspace\00_repos\storemanager\x64\debug\storemanager.tlog\link.read.1.tlog
d:\workspace\00_repos\storemanager\x64\debug\storemanager.tlog\link-rc.read.1.tlog
d:\workspace\00_repos\storemanager\x64\debug\storemanager.tlog\link-rc.write.1.tlog
d:\workspace\00_repos\storemanager\x64\debug\storemanager.tlog\link-cvtres.read.1.tlog
d:\workspace\00_repos\storemanager\x64\debug\storemanager.tlog\link-cvtres.write.1.tlog
d:\workspace\00_repos\storemanager\x64\debug\storemanager.tlog\link.read.2.tlog
